Build started 2012-12-21 12:46:34.
     1>Project "C:\Users\Athlan\Documents\Visual Studio 2010\Projects\PhoenixJuliaFractal\JuliaFractalAssembly\JuliaFractalAssembly.vcxproj" on node 2 (rebuild target(s)).
     1>_PrepareForClean:
         Deleting file "Release\JuliaFractalAssembly.lastbuildstate".
       InitializeBuildStatus:
         Creating "Release\JuliaFractalAssembly.unsuccessfulbuild" because "AlwaysCreate" was specified.
       _MASM:
         Assembling [Inputs]...
       _MASM:
         Assembling [Inputs]...
         cmd.exe /C "C:\Users\Athlan\AppData\Local\Temp\2593504fd559467e9247e6644a90db0d.cmd"
         ml.exe /c /nologo /Zi /Fo"Release\JuliaFractalAssembly.obj" /W3 /errorReport:prompt  /TaJuliaFractalAssembly.asm
     1>JuliaFractalAssembly.asm(370): warning A6004: procedure argument or local not referenced : tmpq
     1>JuliaFractalAssembly.asm(370): warning A6004: procedure argument or local not referenced : pixelLevel
       ClCompile:
         D:\Programs\VS2010\VC\bin\CL.exe /c /Zi /nologo /W3 /WX- /O2 /Oi /Oy- /GL /D WIN32 /D NDEBUG /D _WINDOWS /D _USRDLL /D JULIAFRACTALASSEMBLY_EXPORTS /D _WINDLL /D _UNICODE /D UNICODE /Gm- /EHsc /MD /GS /Gy /fp:precise /Zc:wchar_t /Zc:forScope /Yc"StdAfx.h" /Fp"Release\JuliaFractalAssembly.pch" /Fo"Release\\" /Fd"Release\vc100.pdb" /Gd /TP /analyze- /errorReport:prompt stdafx.cpp
         stdafx.cpp
         D:\Programs\VS2010\VC\bin\CL.exe /c /Zi /nologo /W3 /WX- /O2 /Oi /Oy- /GL /D WIN32 /D NDEBUG /D _WINDOWS /D _USRDLL /D JULIAFRACTALASSEMBLY_EXPORTS /D _WINDLL /D _UNICODE /D UNICODE /Gm- /EHsc /MD /GS /Gy /fp:precise /Zc:wchar_t /Zc:forScope /Fo"Release\\" /Fd"Release\vc100.pdb" /Gd /TP /analyze- /errorReport:prompt dllmain.cpp
         dllmain.cpp
       Link:
         D:\Programs\VS2010\VC\bin\link.exe /ERRORREPORT:PROMPT /OUT:"C:\Users\Athlan\Documents\Visual Studio 2010\Projects\PhoenixJuliaFractal\Release\JuliaFractalAssembly.dll" /INCREMENTAL:NO /NOLOGO kernel32.lib user32.lib gdi32.lib winspool.lib comdlg32.lib advapi32.lib shell32.lib ole32.lib oleaut32.lib uuid.lib odbc32.lib odbccp32.lib /MANIFEST /ManifestFile:"Release\JuliaFractalAssembly.dll.intermediate.manifest" /MANIFESTUAC:"level='asInvoker' uiAccess='false'" /DEBUG /PDB:"C:\Users\Athlan\Documents\Visual Studio 2010\Projects\PhoenixJuliaFractal\Release\JuliaFractalAssembly.pdb" /SUBSYSTEM:WINDOWS /OPT:REF /OPT:ICF /LTCG /TLBID:1 /DYNAMICBASE /NXCOMPAT /IMPLIB:"C:\Users\Athlan\Documents\Visual Studio 2010\Projects\PhoenixJuliaFractal\Release\JuliaFractalAssembly.lib" /MACHINE:X86 /DLL Release\dllmain.obj
         Release\stdafx.obj
         Release\JuliaFractalAssembly.obj
         Generating code
         Finished generating code
         JuliaFractalAssembly.vcxproj -> C:\Users\Athlan\Documents\Visual Studio 2010\Projects\PhoenixJuliaFractal\Release\JuliaFractalAssembly.dll
       Manifest:
         C:\Program Files (x86)\Microsoft SDKs\Windows\v7.0A\bin\mt.exe /nologo /verbose /outputresource:"C:\Users\Athlan\Documents\Visual Studio 2010\Projects\PhoenixJuliaFractal\Release\JuliaFractalAssembly.dll;#2" /manifest Release\JuliaFractalAssembly.dll.intermediate.manifest
       FinalizeBuildStatus:
         Deleting file "Release\JuliaFractalAssembly.unsuccessfulbuild".
         Touching "Release\JuliaFractalAssembly.lastbuildstate".
     1>Done Building Project "C:\Users\Athlan\Documents\Visual Studio 2010\Projects\PhoenixJuliaFractal\JuliaFractalAssembly\JuliaFractalAssembly.vcxproj" (rebuild target(s)).

Build succeeded.

Time Elapsed 00:00:02.03
